2020-10-17 14:32:37 INFO  Basesetup:44 - starting post request
  2020-10-18 20:12:40 INFO  Basesetup:44 - starting post request
  2020-10-18 20:13:18 INFO  Basesetup:44 - starting post request
  2020-10-20 18:51:21 INFO  Basesetup:44 - starting post request
  2020-10-23 20:40:02 INFO  Basesetup:44 - starting post request
  2020-10-23 20:40:23 INFO  Basesetup:44 - starting post request
  2020-10-23 20:41:05 INFO  Basesetup:44 - starting post request
  2020-10-23 20:41:18 INFO  Basesetup:44 - starting post request
  2020-10-23 20:44:03 INFO  Basesetup:44 - starting post request
  2020-10-23 20:46:00 INFO  Basesetup:44 - starting post request
  2020-10-24 20:48:07 INFO  Basesetup:22 - setting update information
  2020-10-24 20:48:41 INFO  Basesetup:44 - starting post request
  2020-10-24 20:48:46 INFO  Basesetup:22 - setting update information
  2020-10-24 20:53:16 INFO  Basesetup:45 - starting post request
  2020-10-24 20:53:20 INFO  Basesetup:39 - updating information
  2020-10-24 20:54:58 INFO  Basesetup:45 - starting post request
  2020-10-24 20:55:01 INFO  Basesetup:39 - updating information
  2020-10-24 20:58:30 INFO  Basesetup:45 - starting post request
  2020-10-24 20:58:35 INFO  Basesetup:84 - post request complete
  2020-10-24 20:58:35 INFO  Basesetup:23 - setting update information
  2020-10-24 20:58:35 INFO  Basesetup:40 - updating information
  2020-10-24 21:02:47 INFO  Basesetup:45 - starting post request
  2020-10-24 21:02:49 INFO  Basesetup:85 - post request complete
  2020-10-24 21:02:49 INFO  Basesetup:23 - setting update information
  2020-10-24 21:02:49 INFO  Basesetup:40 - updating information
  2020-10-24 21:05:44 INFO  Basesetup:45 - starting post request
  2020-10-24 21:05:47 INFO  Basesetup:85 - post request complete
  2020-10-24 21:05:47 INFO  Basesetup:25 - setting update information
  2020-10-24 21:05:47 INFO  Basesetup:42 - updating information
  2020-10-24 21:15:52 INFO  Basesetup:45 - starting post request
  2020-10-24 21:15:56 INFO  Basesetup:85 - post request complete
  2020-10-24 21:15:56 INFO  Basesetup:25 - setting update information
  2020-10-24 21:15:56 INFO  Basesetup:42 - updating information
  2020-10-24 21:17:46 INFO  Basesetup:45 - starting post request
  2020-10-24 21:17:49 INFO  Basesetup:85 - post request complete
  2020-10-24 21:17:49 INFO  Basesetup:25 - setting update information
  2020-10-24 21:17:49 INFO  Basesetup:42 - updating information
  2020-10-26 20:32:56 INFO  Basesetup:45 - starting post request
  2020-10-26 20:33:02 INFO  Basesetup:85 - post request complete
  2020-10-26 20:33:02 INFO  Basesetup:25 - setting update information
  2020-10-26 20:33:02 INFO  Basesetup:42 - updating information
  2020-10-29 11:58:31 INFO  Basesetup:38 - inside test data of getreq1
  2020-10-29 11:58:58 INFO  Basesetup:38 - inside test data of getreq1
  2020-10-29 11:59:15 INFO  Basesetup:38 - inside test data of getreq1
  2020-11-01 14:18:03 INFO  Basesetup:40 - inside test data of getreq1
  2020-11-01 14:18:21 INFO  Basesetup:40 - inside test data of getreq1
  2020-11-01 14:18:39 INFO  Basesetup:40 - inside test data of getreq1
  2020-11-01 14:19:25 INFO  Basesetup:40 - inside test data of getreq1
  2020-11-01 19:55:34 INFO  Basesetup:45 - starting post request
  2020-11-01 19:55:37 INFO  Basesetup:85 - post request complete
  2020-11-01 19:55:37 INFO  Basesetup:25 - setting update information
  2020-11-01 19:55:37 INFO  Basesetup:42 - updating information
  2020-11-01 19:56:36 INFO  Basesetup:45 - starting post request
  2020-11-01 19:56:39 INFO  Basesetup:85 - post request complete
  2020-11-01 19:57:57 INFO  Basesetup:45 - starting post request
  2020-11-01 19:58:00 INFO  Basesetup:85 - post request complete
  2020-11-01 19:58:00 INFO  Basesetup:25 - setting update information
  2020-11-01 19:58:00 INFO  Basesetup:42 - updating information
  2020-11-01 19:59:03 INFO  Basesetup:45 - starting post request
  2020-11-01 19:59:07 INFO  Basesetup:85 - post request complete
  2020-11-01 20:00:11 INFO  Basesetup:45 - starting post request
  2020-11-01 20:00:15 INFO  Basesetup:85 - post request complete
  2020-11-01 20:01:16 INFO  Basesetup:45 - starting post request
  2020-11-01 20:01:19 INFO  Basesetup:85 - post request complete
  2020-11-01 20:01:19 INFO  Basesetup:25 - setting update information
  2020-11-01 20:01:19 INFO  Basesetup:42 - updating information
  2020-11-01 20:19:39 INFO  Basesetup:45 - starting post request
  2020-11-01 20:19:43 INFO  Basesetup:85 - post request complete
  2020-11-01 20:20:10 INFO  Basesetup:45 - starting post request
  2020-11-01 20:20:13 INFO  Basesetup:85 - post request complete
  2020-11-01 20:20:57 INFO  Basesetup:45 - starting post request
  2020-11-01 20:21:00 INFO  Basesetup:85 - post request complete
  2020-11-01 20:21:56 INFO  Basesetup:45 - starting post request
  2020-11-01 20:22:00 INFO  Basesetup:85 - post request complete
  2020-11-01 20:22:44 INFO  Basesetup:45 - starting post request
  2020-11-01 20:22:48 INFO  Basesetup:85 - post request complete
  2020-11-01 20:22:48 INFO  Basesetup:25 - setting update information
  2020-11-01 20:22:48 INFO  Basesetup:42 - updating information
  2020-11-10 16:21:25 INFO  Basesetup:45 - starting post request
  2020-11-10 16:21:30 INFO  Basesetup:85 - post request complete
  2020-11-10 16:21:30 INFO  Basesetup:25 - setting update information
  2020-11-10 16:21:30 INFO  Basesetup:42 - updating information
  2020-11-16 12:55:33 INFO  Basesetup:45 - starting post request
  2020-11-16 12:55:37 INFO  Basesetup:85 - post request complete
  2020-11-16 12:55:37 INFO  Basesetup:25 - setting update information
  2020-11-16 12:55:37 INFO  Basesetup:42 - updating information
  2020-11-16 12:57:12 INFO  Basesetup:45 - starting post request
  2020-11-16 12:57:14 INFO  Basesetup:85 - post request complete
  2020-11-16 12:57:14 INFO  Basesetup:25 - setting update information
  2020-11-16 12:57:14 INFO  Basesetup:42 - updating information
  2020-11-16 12:58:59 INFO  Basesetup:45 - starting post request
  2020-11-16 12:59:02 INFO  Basesetup:85 - post request complete
  2020-11-16 12:59:02 INFO  Basesetup:25 - setting update information
  2020-11-16 12:59:02 INFO  Basesetup:42 - updating information
  2020-11-22 15:38:59 INFO  Basesetup:45 - starting post request
  2020-11-22 15:39:02 INFO  Basesetup:85 - post request complete
  2020-11-22 15:39:02 INFO  Basesetup:25 - setting update information
  2020-11-22 15:39:02 INFO  Basesetup:42 - updating information
  2020-12-30 15:33:38 INFO  Basesetup:45 - starting post request
  2020-12-30 15:33:41 INFO  Basesetup:85 - post request complete
  2020-12-30 15:34:19 INFO  Basesetup:45 - starting post request
  2020-12-30 15:34:22 INFO  Basesetup:85 - post request complete
  2020-12-30 15:34:22 INFO  Basesetup:25 - setting update information
  2020-12-30 15:34:22 INFO  Basesetup:42 - updating information
  